2022-05-10 22:24:59 INFO [org.springframework.boot.test.context.SpringBootTestContextBootstrapper]: Neither @ContextConfiguration nor @ContextHierarchy found for test class [com.example.yin.MusicServerApplicationTests], using SpringBootContextLoader
2022-05-10 22:24:59 INFO [org.springframework.test.context.support.AbstractContextLoader]: Could not detect default resource locations for test class [com.example.yin.MusicServerApplicationTests]: no resource found for suffixes {-context.xml, Context.groovy}.
2022-05-10 22:24:59 INFO [org.springframework.test.context.support.AnnotationConfigContextLoaderUtils]: Could not detect default configuration classes for test class [com.example.yin.MusicServerApplicationTests]: MusicServerApplicationTests does not declare any static, non-private, non-final, nested classes annotated with @Configuration.
2022-05-10 22:24:59 INFO [org.springframework.boot.test.context.SpringBootTestContextBootstrapper]: Found @SpringBootConfiguration com.example.yin.MusicServerApplication for test class com.example.yin.MusicServerApplicationTests
2022-05-10 22:24:59 INFO [org.springframework.boot.test.context.SpringBootTestContextBootstrapper]: Loaded default TestExecutionListener class names from location [META-INF/spring.factories]: [org.springframework.boot.test.mock.mockito.MockitoTestExecutionListener, org.springframework.boot.test.mock.mockito.ResetMocksTestExecutionListener, org.springframework.boot.test.autoconfigure.restdocs.RestDocsTestExecutionListener, org.springframework.boot.test.autoconfigure.web.client.MockRestServiceServerResetTestExecutionListener, org.springframework.boot.test.autoconfigure.web.servlet.MockMvcPrintOnlyOnFailureTestExecutionListener, org.springframework.boot.test.autoconfigure.web.servlet.WebDriverTestExecutionListener, org.springframework.boot.test.autoconfigure.webservices.client.MockWebServiceServerTestExecutionListener, org.springframework.test.context.web.ServletTestExecutionListener, org.springframework.test.context.support.DirtiesContextBeforeModesTestExecutionListener, org.springframework.test.context.event.ApplicationEventsTestExecutionListener, org.springframework.test.context.support.DependencyInjectionTestExecutionListener, org.springframework.test.context.support.DirtiesContextTestExecutionListener, org.springframework.test.context.transaction.TransactionalTestExecutionListener, org.springframework.test.context.jdbc.SqlScriptsTestExecutionListener, org.springframework.test.context.event.EventPublishingTestExecutionListener]
2022-05-10 22:24:59 INFO [org.springframework.boot.test.context.SpringBootTestContextBootstrapper]: Using TestExecutionListeners: [org.springframework.test.context.web.ServletTestExecutionListener@5dcb4f5f, org.springframework.test.context.support.DirtiesContextBeforeModesTestExecutionListener@71812481, org.springframework.test.context.event.ApplicationEventsTestExecutionListener@16ce702d, org.springframework.boot.test.mock.mockito.MockitoTestExecutionListener@7b94089b, org.springframework.boot.test.autoconfigure.SpringBootDependencyInjectionTestExecutionListener@7ca20101, org.springframework.test.context.support.DirtiesContextTestExecutionListener@47f9738, org.springframework.test.context.transaction.TransactionalTestExecutionListener@6155d082, org.springframework.test.context.jdbc.SqlScriptsTestExecutionListener@3a5ecce3, org.springframework.test.context.event.EventPublishingTestExecutionListener@561868a0, org.springframework.boot.test.mock.mockito.ResetMocksTestExecutionListener@2ea6e30c, org.springframework.boot.test.autoconfigure.restdocs.RestDocsTestExecutionListener@6138e79a, org.springframework.boot.test.autoconfigure.web.client.MockRestServiceServerResetTestExecutionListener@2dcd168a, org.springframework.boot.test.autoconfigure.web.servlet.MockMvcPrintOnlyOnFailureTestExecutionListener@388526fb, org.springframework.boot.test.autoconfigure.web.servlet.WebDriverTestExecutionListener@21a21c64, org.springframework.boot.test.autoconfigure.webservices.client.MockWebServiceServerTestExecutionListener@7803bfd]
2022-05-10 22:24:59 INFO [com.example.yin.MusicServerApplicationTests]: Starting MusicServerApplicationTests using Java 11.0.6 on LAPTOP-245KL96M with PID 14132 (started by 35805 in D:\项目\JAVA\music-server)
2022-05-10 22:24:59 INFO [com.example.yin.MusicServerApplicationTests]: No active profile set, falling back to 1 default profile: "default"
2022-05-10 22:25:01 INFO [com.example.yin.MusicServerApplicationTests]: Started MusicServerApplicationTests in 2.066 seconds (JVM running for 3.369)
2022-05-10 22:25:01 INFO [com.zaxxer.hikari.HikariDataSource]: HikariPool-1 - Starting...
2022-05-10 22:25:02 INFO [com.zaxxer.hikari.HikariDataSource]: HikariPool-1 - Start completed.
2022-05-10 22:25:02 INFO [com.zaxxer.hikari.HikariDataSource]: HikariPool-1 - Shutdown initiated...
2022-05-10 22:25:02 INFO [com.zaxxer.hikari.HikariDataSource]: HikariPool-1 - Shutdown completed.
2022-05-10 22:49:48 INFO [com.example.yin.MusicServerApplication]: Starting MusicServerApplication using Java 11.0.6 on LAPTOP-245KL96M with PID 13512 (D:\项目\JAVA\music-server\target\classes started by 35805 in D:\项目\JAVA\music-server)
2022-05-10 22:49:48 INFO [com.example.yin.MusicServerApplication]: No active profile set, falling back to 1 default profile: "default"
2022-05-10 22:49:48 INFO [org.springframework.boot.devtools.env.DevToolsPropertyDefaultsPostProcessor]: Devtools property defaults active! Set 'spring.devtools.add-properties' to 'false' to disable
2022-05-10 22:49:48 INFO [org.springframework.boot.devtools.env.DevToolsPropertyDefaultsPostProcessor]: For additional web related logging consider setting the 'logging.level.web' property to 'DEBUG'
2022-05-10 22:49:49 INFO [org.springframework.boot.web.embedded.tomcat.TomcatWebServer]: Tomcat initialized with port(s): 8888 (http)
2022-05-10 22:49:49 INFO [org.springframework.boot.web.servlet.context.ServletWebServerApplicationContext]: Root WebApplicationContext: initialization completed in 966 ms
2022-05-10 22:49:50 INFO [org.springframework.boot.devtools.autoconfigure.OptionalLiveReloadServer]: LiveReload server is running on port 35729
2022-05-10 22:49:50 INFO [org.springframework.boot.web.embedded.tomcat.TomcatWebServer]: Tomcat started on port(s): 8888 (http) with context path ''
2022-05-10 22:49:50 INFO [com.example.yin.MusicServerApplication]: Started MusicServerApplication in 1.785 seconds (JVM running for 2.616)
2022-05-10 22:50:02 INFO [org.springframework.web.servlet.DispatcherServlet]: Initializing Servlet 'dispatcherServlet'
2022-05-10 22:50:02 INFO [org.springframework.web.servlet.DispatcherServlet]: Completed initialization in 1 ms
2022-05-10 22:50:02 INFO [com.zaxxer.hikari.HikariDataSource]: HikariPool-1 - Starting...
2022-05-10 22:50:02 INFO [com.zaxxer.hikari.HikariDataSource]: HikariPool-1 - Start completed.
